<?xml version="1.0" encoding="utf-8"?><testsuites name="pytest tests"><testsuite name="pytest" errors="0" failures="0" skipped="0" tests="25" time="9.121" timestamp="2026-04-06T04:36:42.370807+00:00" hostname="agent-env-254266bf-15d8-413d-91f4-8dc6ddb37d0f"><testcase classname="tests.test_api.TestHealthAndBasicEndpoints" name="test_health_endpoint" time="0.181" /><testcase classname="tests.test_api.TestHealthAndBasicEndpoints" name="test_root_endpoint" time="0.107" /><testcase classname="tests.test_api.TestAuthentication" name="test_admin_login_success" time="0.337" /><testcase classname="tests.test_api.TestAuthentication" name="test_teacher_login_success" time="0.328" /><testcase classname="tests.test_api.TestAuthentication" name="test_login_invalid_credentials" time="0.110" /><testcase classname="tests.test_api.TestAuthentication" name="test_get_me_with_admin_token" time="0.451" /><testcase classname="tests.test_api.TestTeachersCRUD" name="test_get_teachers_list" time="0.493" /><testcase classname="tests.test_api.TestTeachersCRUD" name="test_create_and_delete_teacher" time="0.929" /><testcase classname="tests.test_api.TestTeachersCRUD" name="test_teachers_requires_admin" time="0.427" /><testcase classname="tests.test_api.TestTeacherPortal" name="test_teacher_dashboard" time="0.416" /><testcase classname="tests.test_api.TestTeacherPortal" name="test_teacher_students" time="0.440" /><testcase classname="tests.test_api.TestTeacherPortal" name="test_teacher_results" time="0.430" /><testcase classname="tests.test_api.TestStudentsEndpoints" name="test_get_students_list" time="0.452" /><testcase classname="tests.test_api.TestResultsEndpoints" name="test_get_results_list" time="0.444" /><testcase classname="tests.test_api.TestResultsEndpoints" name="test_get_student_results" time="0.468" /><testcase classname="tests.test_api.TestResultsEndpoints" name="test_get_access_requests" time="0.412" /><testcase classname="tests.test_api.TestContentEndpoints" name="test_get_news" time="0.096" /><testcase classname="tests.test_api.TestContentEndpoints" name="test_get_events" time="0.098" /><testcase classname="tests.test_api.TestContentEndpoints" name="test_get_gallery" time="0.115" /><testcase classname="tests.test_api.TestOtherEndpoints" name="test_get_stats" time="0.431" /><testcase classname="tests.test_api.TestOtherEndpoints" name="test_get_applications" time="0.420" /><testcase classname="tests.test_api.TestOtherEndpoints" name="test_get_payments" time="0.431" /><testcase classname="tests.test_api.TestOtherEndpoints" name="test_get_contact_messages" time="0.437" /><testcase classname="tests.test_api.TestOtherEndpoints" name="test_get_bank_details" time="0.470" /><testcase classname="tests.test_api.TestOtherEndpoints" name="test_contact_form_submission" time="0.113" /></testsuite></testsuites>